{"C:\\Users\\João\\Documents\\testing-react\\src\\components\\CheckNumber\\index.jsx": {"path":"C:\\Users\\João\\Documents\\testing-react\\src\\components\\CheckNumber\\index.jsx","all":false,"statementMap":{"0":{"start":{"line":1,"column":0},"end":{"line":1,"column":33}},"1":{"start":{"line":2,"column":0},"end":{"line":2,"column":0}},"2":{"start":{"line":3,"column":0},"end":{"line":3,"column":39}},"3":{"start":{"line":4,"column":0},"end":{"line":4,"column":43}},"4":{"start":{"line":5,"column":0},"end":{"line":5,"column":55}},"5":{"start":{"line":6,"column":0},"end":{"line":6,"column":0}},"6":{"start":{"line":7,"column":0},"end":{"line":7,"column":34}},"7":{"start":{"line":8,"column":0},"end":{"line":8,"column":0}},"8":{"start":{"line":9,"column":0},"end":{"line":9,"column":10}},"9":{"start":{"line":10,"column":0},"end":{"line":10,"column":9}},"10":{"start":{"line":11,"column":0},"end":{"line":11,"column":28}},"11":{"start":{"line":12,"column":0},"end":{"line":12,"column":13}},"12":{"start":{"line":13,"column":0},"end":{"line":13,"column":20}},"13":{"start":{"line":14,"column":0},"end":{"line":14,"column":22}},"14":{"start":{"line":15,"column":0},"end":{"line":15,"column":42}},"15":{"start":{"line":16,"column":0},"end":{"line":16,"column":22}},"16":{"start":{"line":17,"column":0},"end":{"line":17,"column":26}},"17":{"start":{"line":18,"column":0},"end":{"line":18,"column":42}},"18":{"start":{"line":19,"column":0},"end":{"line":19,"column":20}},"19":{"start":{"line":20,"column":0},"end":{"line":20,"column":30}},"20":{"start":{"line":21,"column":0},"end":{"line":21,"column":43}},"21":{"start":{"line":22,"column":0},"end":{"line":22,"column":46}},"22":{"start":{"line":23,"column":0},"end":{"line":23,"column":19}},"23":{"start":{"line":24,"column":0},"end":{"line":24,"column":11}},"24":{"start":{"line":25,"column":0},"end":{"line":25,"column":0}},"25":{"start":{"line":26,"column":0},"end":{"line":26,"column":40}},"26":{"start":{"line":27,"column":0},"end":{"line":27,"column":10}},"27":{"start":{"line":28,"column":0},"end":{"line":28,"column":13}},"28":{"start":{"line":29,"column":0},"end":{"line":29,"column":0}},"29":{"start":{"line":30,"column":0},"end":{"line":30,"column":69}},"30":{"start":{"line":31,"column":0},"end":{"line":31,"column":65}},"31":{"start":{"line":32,"column":0},"end":{"line":32,"column":10}},"32":{"start":{"line":33,"column":0},"end":{"line":33,"column":3}},"33":{"start":{"line":34,"column":0},"end":{"line":34,"column":1}}},"s":{"0":1,"1":1,"2":1,"3":14,"4":14,"5":14,"6":14,"7":14,"8":14,"9":14,"10":14,"11":14,"12":14,"13":14,"14":14,"15":14,"16":14,"17":8,"18":8,"19":8,"20":8,"21":5,"22":5,"23":5,"24":3,"25":3,"26":14,"27":14,"28":14,"29":14,"30":14,"31":14,"32":14,"33":14},"branchMap":{"0":{"type":"branch","line":3,"loc":{"start":{"line":3,"column":24},"end":{"line":3,"column":35}},"locations":[{"start":{"line":3,"column":24},"end":{"line":3,"column":35}}]},"1":{"type":"branch","line":3,"loc":{"start":{"line":3,"column":15},"end":{"line":34,"column":1}},"locations":[{"start":{"line":3,"column":15},"end":{"line":34,"column":1}}]},"2":{"type":"branch","line":30,"loc":{"start":{"line":30,"column":19},"end":{"line":30,"column":64}},"locations":[{"start":{"line":30,"column":19},"end":{"line":30,"column":64}}]},"3":{"type":"branch","line":31,"loc":{"start":{"line":31,"column":39},"end":{"line":31,"column":47}},"locations":[{"start":{"line":31,"column":39},"end":{"line":31,"column":47}}]},"4":{"type":"branch","line":31,"loc":{"start":{"line":31,"column":47},"end":{"line":31,"column":57}},"locations":[{"start":{"line":31,"column":47},"end":{"line":31,"column":57}}]},"5":{"type":"branch","line":17,"loc":{"start":{"line":17,"column":18},"end":{"line":27,"column":9}},"locations":[{"start":{"line":17,"column":18},"end":{"line":27,"column":9}}]},"6":{"type":"branch","line":21,"loc":{"start":{"line":21,"column":42},"end":{"line":24,"column":11}},"locations":[{"start":{"line":21,"column":42},"end":{"line":24,"column":11}}]},"7":{"type":"branch","line":25,"loc":{"start":{"line":25,"column":-2},"end":{"line":27,"column":9}},"locations":[{"start":{"line":25,"column":-2},"end":{"line":27,"column":9}}]}},"b":{"0":[6],"1":[14],"2":[5],"3":[7],"4":[7],"5":[8],"6":[5],"7":[3]},"fnMap":{"0":{"name":"get","decl":{"start":{"line":3,"column":24},"end":{"line":3,"column":35}},"loc":{"start":{"line":3,"column":24},"end":{"line":3,"column":35}},"line":3},"1":{"name":"CheckNumber","decl":{"start":{"line":3,"column":15},"end":{"line":34,"column":1}},"loc":{"start":{"line":3,"column":15},"end":{"line":34,"column":1}},"line":3},"2":{"name":"onChange","decl":{"start":{"line":17,"column":18},"end":{"line":27,"column":9}},"loc":{"start":{"line":17,"column":18},"end":{"line":27,"column":9}},"line":17}},"f":{"0":6,"1":14,"2":8}}
}
