TN:
SF:src\components\CheckNumber\index.jsx
FN:3,get
FN:3,CheckNumber
FN:17,onChange
FNF:3
FNH:3
FNDA:6,get
FNDA:14,CheckNumber
FNDA:8,onChange
DA:1,1
DA:2,1
DA:3,1
DA:4,14
DA:5,14
DA:6,14
DA:7,14
DA:8,14
DA:9,14
DA:10,14
DA:11,14
DA:12,14
DA:13,14
DA:14,14
DA:15,14
DA:16,14
DA:17,14
DA:18,8
DA:19,8
DA:20,8
DA:21,8
DA:22,5
DA:23,5
DA:24,5
DA:25,3
DA:26,3
DA:27,14
DA:28,14
DA:29,14
DA:30,14
DA:31,14
DA:32,14
DA:33,14
DA:34,14
LF:34
LH:34
BRDA:3,0,0,6
BRDA:3,1,0,14
BRDA:30,2,0,5
BRDA:31,3,0,7
BRDA:31,4,0,7
BRDA:17,5,0,8
BRDA:21,6,0,5
BRDA:25,7,0,3
BRF:8
BRH:8
end_of_record
